<?xml version="1.0" encoding="UTF-8" ?>
<testsuite tests="19" failures="0" name="com.microsoft.bot.connector.ConversationsTest" time="0.358" errors="0" skipped="0">
  <properties>
    <property name="java.runtime.name" value="Java(TM) SE Runtime Environment"/>
    <property name="java.vm.version" value="10.0.2+13"/>
    <property name="sun.boot.library.path" value="C:\Program Files\Java\jdk-10.0.2\bin"/>
    <property name="maven.multiModuleProjectDirectory" value="C:\Projects\java-master"/>
    <property name="java.vm.vendor" value="&quot;Oracle Corporation&quot;"/>
    <property name="java.vendor.url" value="http://java.oracle.com/"/>
    <property name="guice.disable.misplaced.annotation.check" value="true"/>
    <property name="path.separator" value=";"/>
    <property name="java.vm.name" value="Java HotSpot(TM) 64-Bit Server VM"/>
    <property name="file.encoding.pkg" value="sun.io"/>
    <property name="sun.os.patch.level" value=""/>
    <property name="user.script" value=""/>
    <property name="user.country" value="US"/>
    <property name="sun.java.launcher" value="SUN_STANDARD"/>
    <property name="java.vm.specification.name" value="Java Virtual Machine Specification"/>
    <property name="user.dir" value="C:\Projects\java-master"/>
    <property name="java.vm.compressedOopsMode" value="Zero based"/>
    <property name="java.runtime.version" value="10.0.2+13"/>
    <property name="java.awt.graphicsenv" value="sun.awt.Win32GraphicsEnvironment"/>
    <property name="os.arch" value="amd64"/>
    <property name="java.io.tmpdir" value="C:\Users\boryb\AppData\Local\Temp\"/>
    <property name="line.separator" value="
"/>
    <property name="java.vm.specification.vendor" value="Oracle Corporation"/>
    <property name="user.variant" value=""/>
    <property name="os.name" value="Windows 10"/>
    <property name="classworlds.conf" value="C:\Program Files\apache-maven-3.5.4\bin\..\bin\m2.conf"/>
    <property name="sun.jnu.encoding" value="Cp1252"/>
    <property name="java.library.path" value="C:\Program Files\Java\jdk-10.0.2\bin;C:\WINDOWS\Sun\Java\bin;C:\WINDOWS\system32;C:\WINDOWS;C:\Program Files (x86)\Microsoft Visual Studio\Shared\Anaconda3_64;C:\Program Files (x86)\Microsoft Visual Studio\Shared\Anaconda3_64\Library\mingw-w64\bin;C:\Program Files (x86)\Microsoft Visual Studio\Shared\Anaconda3_64\Library\usr\bin;C:\Program Files (x86)\Microsoft Visual Studio\Shared\Anaconda3_64\Library\bin;C:\Program Files (x86)\Microsoft Visual Studio\Shared\Anaconda3_64\Scripts;C:\Program Files (x86)\Microsoft Visual Studio\Shared\Anaconda3_64\Library\bin;C:\Program Files\apache-maven-3.5.4\bin;C:\Program Files\Java\jdk-10.0.2\bin;C:\Program Files\Java\jre-10.0.2\bin;C:\Program Files\Microsoft VS Code\bin;C:\Windows\System32;C:\Program Files\nodejs\;C:\Program Files (x86)\Microsoft Visual Studio\Shared\Python36_64\;C:\Program Files (x86)\Microsoft Visual Studio\Shared\Python36_64\Scripts;C:\Program Files\ngrok;C:\Program Files\Git\cmd;C:\Users\boryb\AppData\Local\Microsoft\WindowsApps;;C:\Program Files\Microsoft VS Code\bin;C:\Users\boryb\AppData\Roaming\npm;C:\Users\boryb\AppData\Local\Programs\Microsoft VS Code\bin;."/>
    <property name="maven.conf" value="C:\Program Files\apache-maven-3.5.4\bin\../conf"/>
    <property name="jdk.debug" value="release"/>
    <property name="java.class.version" value="54.0"/>
    <property name="java.specification.name" value="Java Platform API Specification"/>
    <property name="sun.management.compiler" value="HotSpot 64-Bit Tiered Compilers"/>
    <property name="os.version" value="10.0"/>
    <property name="library.jansi.path" value="C:\Program Files\apache-maven-3.5.4\bin\..\lib\jansi-native"/>
    <property name="user.home" value="C:\Users\boryb"/>
    <property name="user.timezone" value="Europe/Belgrade"/>
    <property name="java.awt.printerjob" value="sun.awt.windows.WPrinterJob"/>
    <property name="file.encoding" value="Cp1252"/>
    <property name="java.specification.version" value="10"/>
    <property name="user.name" value="boryb"/>
    <property name="java.class.path" value="C:\Program Files\apache-maven-3.5.4\bin\..\boot\plexus-classworlds-2.5.2.jar"/>
    <property name="java.vm.specification.version" value="10"/>
    <property name="sun.arch.data.model" value="64"/>
    <property name="sun.java.command" value="org.codehaus.plexus.classworlds.launcher.Launcher clean install"/>
    <property name="java.home" value="C:\Program Files\Java\jdk-10.0.2"/>
    <property name="user.language" value="en"/>
    <property name="java.specification.vendor" value="Oracle Corporation"/>
    <property name="awt.toolkit" value="sun.awt.windows.WToolkit"/>
    <property name="java.vm.info" value="mixed mode"/>
    <property name="java.version" value="10.0.2"/>
    <property name="java.vendor" value="Oracle Corporation"/>
    <property name="sun.stderr.encoding" value="cp437"/>
    <property name="maven.home" value="C:\Program Files\apache-maven-3.5.4\bin\.."/>
    <property name="file.separator" value="\"/>
    <property name="java.version.date" value="2018-07-17"/>
    <property name="java.vendor.url.bug" value="http://bugreport.java.com/bugreport/"/>
    <property name="sun.io.unicode.encoding" value="UnicodeLittle"/>
    <property name="sun.cpu.endian" value="little"/>
    <property name="java.vendor.version" value="18.3"/>
    <property name="sun.stdout.encoding" value="cp437"/>
    <property name="sun.desktop" value="windows"/>
    <property name="sun.cpu.isalist" value="amd64"/>
  </properties>
  <testcase classname="com.microsoft.bot.connector.ConversationsTest" name="CreateConversationWithBotMember" time="0"/>
  <testcase classname="com.microsoft.bot.connector.ConversationsTest" name="UpdateActivity" time="0.039"/>
  <testcase classname="com.microsoft.bot.connector.ConversationsTest" name="GetActivityMembers" time="0.02"/>
  <testcase classname="com.microsoft.bot.connector.ConversationsTest" name="SendToConversationWithInvalidBotId" time="0.011"/>
  <testcase classname="com.microsoft.bot.connector.ConversationsTest" name="DeleteActivityWithInvalidConversationId" time="0.025"/>
  <testcase classname="com.microsoft.bot.connector.ConversationsTest" name="CreateConversationWithInvalidBot" time="0.03"/>
  <testcase classname="com.microsoft.bot.connector.ConversationsTest" name="SendCardToConversation" time="0.035"/>
  <testcase classname="com.microsoft.bot.connector.ConversationsTest" name="UpdateActivityWithInvalidConversationId" time="0.025"/>
  <testcase classname="com.microsoft.bot.connector.ConversationsTest" name="SendToConversationWithInvalidConversationId" time="0.014"/>
  <testcase classname="com.microsoft.bot.connector.ConversationsTest" name="GetActivityMembersWithInvalidConversationId" time="0.021"/>
  <testcase classname="com.microsoft.bot.connector.ConversationsTest" name="DeleteActivity" time="0.019"/>
  <testcase classname="com.microsoft.bot.connector.ConversationsTest" name="ReplyToActivity" time="0.023"/>
  <testcase classname="com.microsoft.bot.connector.ConversationsTest" name="UploadAttachment" time="0.018"/>
  <testcase classname="com.microsoft.bot.connector.ConversationsTest" name="CreateConversationWithoutMembers" time="0.013"/>
  <testcase classname="com.microsoft.bot.connector.ConversationsTest" name="CreateConversation" time="0.011"/>
  <testcase classname="com.microsoft.bot.connector.ConversationsTest" name="GetConversationMembers" time="0.012"/>
  <testcase classname="com.microsoft.bot.connector.ConversationsTest" name="ReplyToActivityWithInvalidConversationId" time="0.019"/>
  <testcase classname="com.microsoft.bot.connector.ConversationsTest" name="SendToConversation" time="0.014"/>
  <testcase classname="com.microsoft.bot.connector.ConversationsTest" name="GetConversationMembersWithInvalidConversationId" time="0.009"/>
</testsuite>